[debug] [2021-08-29T03:34:09.211Z] ----------------------------------------------------------------------
[debug] [2021-08-29T03:34:09.213Z] Command:       C:\Program Files\nodejs\node.exe C:\Users\Usuario\AppData\Roaming\npm\node_modules\firebase-tools\lib\bin\firebase.js init
[debug] [2021-08-29T03:34:09.214Z] CLI Version:   9.10.0
[debug] [2021-08-29T03:34:09.214Z] Platform:      win32
[debug] [2021-08-29T03:34:09.214Z] Node Version:  v14.15.4
[debug] [2021-08-29T03:34:09.215Z] Time:          Sat Aug 28 2021 21:34:09 GMT-0600 (heure normale du centre nord-américain)
[debug] [2021-08-29T03:34:09.215Z] ----------------------------------------------------------------------
[debug] 
[debug] [2021-08-29T03:34:09.221Z] > command requires scopes: ["email","openid","https://www.googleapis.com/auth/cloudplatformprojects.readonly","https://www.googleapis.com/auth/firebase","https://www.googleapis.com/auth/cloud-platform"]
[debug] [2021-08-29T03:34:09.222Z] > authorizing via signed-in user (haroldantonio777@gmail.com)
[info] 
     ######## #### ########  ######## ########     ###     ######  ########
     ##        ##  ##     ## ##       ##     ##  ##   ##  ##       ##
     ######    ##  ########  ######   ########  #########  ######  ######
     ##        ##  ##    ##  ##       ##     ## ##     ##       ## ##
     ##       #### ##     ## ######## ########  ##     ##  ######  ########

You're about to initialize a Firebase project in this directory:

  F:\Xammp\htdocs\soda_delicias

Before we get started, keep in mind:

  * You are initializing in an existing Firebase project directory

